06:43:51 PM: INFO [main.py:4] hola
06:55:57 PM: INFO [conexion_bbd.py:16] Conexion establecida
07:06:23 PM: INFO [conexion_bbd.py:16] Conexion establecida
07:06:23 PM: ERROR [insertar_personas.py:21] Ocurrio un error 'tuple' object is not callable
07:07:17 PM: INFO [conexion_bbd.py:16] Conexion establecida
07:07:17 PM: INFO [insertar_personas.py:19] Registros Insertados: 3
07:13:09 PM: INFO [conexion_bbd.py:16] Conexion establecida
07:13:09 PM: INFO [obtener_nombres.py:11] ('Persona1',)
07:14:17 PM: INFO [conexion_bbd.py:16] Conexion establecida
07:14:17 PM: INFO [obtener_nombres.py:12] ('Persona2',)
07:14:17 PM: INFO [obtener_nombres.py:12] ('Persona3',)
07:14:24 PM: INFO [conexion_bbd.py:16] Conexion establecida
07:14:24 PM: INFO [obtener_nombres.py:12] ('Persona2',)
07:14:24 PM: INFO [obtener_nombres.py:12] ('Persona3',)
07:14:37 PM: INFO [conexion_bbd.py:16] Conexion establecida
07:14:37 PM: INFO [obtener_nombres.py:12] ('Persona2', 'Apellido2', 'email@gmail.com')
07:14:37 PM: INFO [obtener_nombres.py:12] ('Persona3', 'Apellido3', 'email@hotmail.es')
07:15:18 PM: INFO [conexion_bbd.py:16] Conexion establecida
07:15:18 PM: INFO [obtener_nombres.py:12] Persona1
07:15:18 PM: INFO [obtener_nombres.py:12] Apellido1
07:15:18 PM: INFO [obtener_nombres.py:12] email@hotmail.es
07:15:52 PM: INFO [conexion_bbd.py:16] Conexion establecida
07:15:52 PM: INFO [obtener_nombres.py:12] 0
07:15:52 PM: INFO [obtener_nombres.py:12] 1
07:15:52 PM: INFO [obtener_nombres.py:12] 2
07:16:00 PM: INFO [conexion_bbd.py:16] Conexion establecida
07:16:31 PM: INFO [conexion_bbd.py:16] Conexion establecida
07:18:30 PM: INFO [conexion_bbd.py:16] Conexion establecida
07:18:30 PM: INFO [obtener_nombres.py:12] Persona1
07:18:30 PM: INFO [obtener_nombres.py:12] Persona2
07:18:30 PM: INFO [obtener_nombres.py:12] Persona3
07:23:00 PM: INFO [conexion_bbd.py:16] Conexion establecida
07:23:00 PM: INFO [obtener_nombres.py:12] Persona1
07:23:00 PM: INFO [obtener_nombres.py:12] Persona2
07:23:00 PM: INFO [obtener_nombres.py:12] Persona3
07:23:53 PM: INFO [conexion_bbd.py:16] Conexion establecida
07:23:53 PM: INFO [obtener_nombres.py:12] Persona1
07:23:53 PM: INFO [obtener_nombres.py:12] Persona2
07:23:53 PM: INFO [obtener_nombres.py:12] Persona3
07:24:05 PM: INFO [conexion_bbd.py:16] Conexion establecida
07:24:05 PM: INFO [obtener_nombres.py:12] Persona1
07:24:05 PM: INFO [obtener_nombres.py:12] Persona2
07:24:05 PM: INFO [obtener_nombres.py:12] Persona3
07:24:40 PM: INFO [conexion_bbd.py:16] Conexion establecida
07:24:40 PM: INFO [obtener_nombres.py:12] Persona1
07:24:40 PM: INFO [obtener_nombres.py:12] Persona2
07:24:40 PM: INFO [obtener_nombres.py:12] Persona3
07:25:19 PM: INFO [conexion_bbd.py:16] Conexion establecida
07:25:19 PM: INFO [obtener_nombres.py:12] Persona1
07:25:19 PM: INFO [obtener_nombres.py:12] Persona2
07:25:19 PM: INFO [obtener_nombres.py:12] Persona3
07:27:35 PM: INFO [conexion_bbd.py:16] Conexion establecida
07:27:35 PM: INFO [obtener_nombres.py:12] Persona1
07:27:35 PM: INFO [obtener_nombres.py:12] Persona2
07:27:35 PM: INFO [obtener_nombres.py:12] Persona3
07:28:40 PM: INFO [conexion_bbd.py:16] Conexion establecida
07:28:40 PM: INFO [filtrar_email.py:21] Fin
07:28:47 PM: INFO [conexion_bbd.py:16] Conexion establecida
07:28:47 PM: INFO [filtrar_email.py:21] Fin
07:31:42 PM: INFO [conexion_bbd.py:16] Conexion establecida
07:31:42 PM: INFO [filtrar_email.py:21] Fin
07:31:44 PM: INFO [conexion_bbd.py:16] Conexion establecida
07:31:44 PM: INFO [filtrar_email.py:21] Fin
07:33:05 PM: INFO [conexion_bbd.py:16] Conexion establecida
07:33:05 PM: INFO [filtrar_email.py:21] Fin
07:33:14 PM: INFO [conexion_bbd.py:16] Conexion establecida
07:33:14 PM: INFO [filtrar_email.py:21] Fin
07:34:01 PM: INFO [conexion_bbd.py:16] Conexion establecida
07:34:12 PM: INFO [conexion_bbd.py:16] Conexion establecida
07:34:12 PM: INFO [filtrar_email.py:24] Fin
07:34:29 PM: INFO [conexion_bbd.py:16] Conexion establecida
07:34:29 PM: INFO [filtrar_email.py:15] (('Persona2', 'Apellido2', 'email@gmail.com'),)
07:34:29 PM: INFO [filtrar_email.py:23] Fin
07:38:12 PM: INFO [conexion_bbd.py:16] Conexion establecida
07:38:12 PM: INFO [filtrar_email.py:15] (('Persona2', 'Apellido2', 'email@gmail.com'),)
07:38:12 PM: INFO [filtrar_email.py:23] Fin
07:38:12 PM: INFO [conexion_bbd.py:16] Conexion establecida
07:38:12 PM: INFO [actualizar_personas.py:16] Registros Actualizados: 2
07:38:32 PM: INFO [conexion_bbd.py:16] Conexion establecida
07:38:32 PM: INFO [filtrar_email.py:15] (('Persona1', 'Apellido1', 'email@gmail.com'), ('Persona2', 'Apellido2', 'email@gmail.com'), ('Persona3', 'Apellido3', 'email@gmail.com'))
07:38:32 PM: INFO [filtrar_email.py:23] Fin
07:38:32 PM: INFO [conexion_bbd.py:16] Conexion establecida
07:38:32 PM: ERROR [actualizar_personas.py:18] Ocurrió un error: 'int' object is not callable
07:39:10 PM: INFO [conexion_bbd.py:16] Conexion establecida
07:39:10 PM: INFO [filtrar_email.py:15] (('Persona1', 'Apellido1', 'email@gmail.com'), ('Persona2', 'Apellido2', 'email@gmail.com'), ('Persona3', 'Apellido3', 'email@gmail.com'))
07:39:10 PM: INFO [filtrar_email.py:23] Fin
07:39:10 PM: INFO [conexion_bbd.py:16] Conexion establecida
07:39:10 PM: INFO [actualizar_personas.py:16] Registros Actualizados: 0
07:40:21 PM: INFO [conexion_bbd.py:16] Conexion establecida
07:40:21 PM: INFO [filtrar_email.py:15] (('Persona1', 'Apellido1', 'email@gmail.com'), ('Persona2', 'Apellido2', 'email@gmail.com'), ('Persona3', 'Apellido3', 'email@gmail.com'))
07:40:21 PM: INFO [filtrar_email.py:23] Fin
07:40:21 PM: INFO [conexion_bbd.py:16] Conexion establecida
07:40:48 PM: INFO [conexion_bbd.py:16] Conexion establecida
07:40:48 PM: INFO [filtrar_email.py:15] (('Persona1', 'Apellido1', 'email@gmail.com'), ('Persona2', 'Apellido2', 'email@gmail.com'), ('Persona3', 'Apellido3', 'email@gmail.com'))
07:40:48 PM: INFO [filtrar_email.py:23] Fin
07:40:48 PM: INFO [conexion_bbd.py:16] Conexion establecida
07:41:07 PM: INFO [conexion_bbd.py:16] Conexion establecida
07:41:07 PM: INFO [filtrar_email.py:15] (('Persona1', 'Apellido1', 'email@gmail.com'), ('Persona2', 'Apellido2', 'email@gmail.com'), ('Persona3', 'Apellido3', 'email@gmail.com'))
07:41:07 PM: INFO [filtrar_email.py:23] Fin
07:41:07 PM: INFO [conexion_bbd.py:16] Conexion establecida
07:41:42 PM: INFO [conexion_bbd.py:16] Conexion establecida
07:41:42 PM: INFO [filtrar_email.py:15] (('Persona1', 'Apellido1', 'email@gmail.com'), ('Persona2', 'Apellido2', 'email@gmail.com'), ('Persona3', 'Apellido3', 'email@gmail.com'))
07:41:42 PM: INFO [filtrar_email.py:23] Fin
07:41:42 PM: INFO [conexion_bbd.py:16] Conexion establecida
