INFO:root:El cliente se toma el cafe
INFO:root:El cliente se toma el cafe
INFO:root:El camarero sirve al cliente el cafe
INFO:root:El camarero crea un 36
INFO:root:El camarero sirve al cliente el cafe
INFO:root:El camarero crea un 55
INFO:root:El camarero sirve al cliente el cafe
INFO:root:El camarero crea un 77
INFO:root:El cliente Juana se está tomado la taza de cafe
INFO:root:El camarero sirve al cliente el cafe
INFO:root:El camarero crea un 99
INFO:root:El cliente Juana se está tomado la taza de cafe
INFO:root:El camarero sirve al cliente el cafe
INFO:root:El camarero crea un Solo
INFO:root:El cliente Juana se está tomado la taza de cafe
INFO:root:El cliente Juana se ha tomado el café muy agusto a 47 grados
INFO:root:El camarero sirve al cliente el cafe
INFO:root:El camarero crea un Expresso
INFO:root:El cliente Juana se está tomado la taza de cafe
INFO:root:El camarero sirve al cliente el cafe
INFO:root:El camarero crea un Café irlandés
INFO:root:El cliente Juana se está tomado la taza de cafe
INFO:root:El camarero sirve al cliente el cafe
INFO:root:El camarero crea un Mocca
INFO:root:El cliente Juana se está tomado la taza de cafe
INFO:root:El cliente Juana se ha tomado el café muy agusto a 26 grados
INFO:root:El camarero sirve al cliente el cafe
INFO:root:El camarero crea un Expresso
INFO:root:El cliente Juana se está tomado la taza de cafe
INFO:root:AAAA
INFO:root:El cliente Juana se ha tomado el café muy agusto a 66 grados
INFO:root:El camarero sirve al cliente el cafe
INFO:root:El camarero crea un Latte
INFO:root:El cliente Juana se está tomado la taza de cafe
INFO:root:AAAA
INFO:root:El cliente Juana se ha tomado el café muy agusto a 63 grados
INFO:root:El camarero sirve al cliente el cafe
INFO:root:El camarero crea un Café irlandés
INFO:root:El cliente Juana se está tomado la taza de cafe
INFO:root:El cliente Juana se ha tomado el café muy agusto a 49 grados
INFO:root:El camarero sirve al cliente el cafe
INFO:root:El camarero crea un Solo
INFO:root:El cliente Juana se está tomado la taza de cafe
INFO:root:AAAA
INFO:root:El cliente Juana se ha tomado el café muy agusto a 84 grados
INFO:root:El camarero sirve al cliente el cafe
INFO:root:El camarero crea un Latte
INFO:root:El cliente Juana se está tomado la taza de cafe
INFO:root:El camarero sirve al cliente el cafe
INFO:root:El camarero crea un Latte
INFO:root:El cliente Juana se está tomado la taza de cafe
INFO:root:El camarero sirve al cliente el cafe
INFO:root:El camarero crea un Café irlandés
INFO:root:El cliente Juana se ha tomado el café muy agusto a 6 grados
INFO:root:El camarero sirve al cliente el cafe
INFO:root:El camarero crea un Latte
INFO:root:El cliente Juana se ha tomado el café muy agusto a 20 grados
INFO:root:El camarero sirve al cliente el cafe
INFO:root:El camarero crea un Solo
INFO:root:El cliente Juana se ha tomado el café muy agusto a 59 grados
INFO:root:El camarero sirve al cliente el cafe
INFO:root:El camarero crea un Mocca
INFO:root:El cliente Juana se ha tomado el café muy agusto a 47 grados
INFO:root:El camarero sirve al cliente el cafe
INFO:root:El camarero crea un Café irlandés
INFO:root:El cliente Juana se ha tomado el café muy agusto a 68 grados
INFO:root:El camarero sirve al cliente el cafe
INFO:root:El camarero crea un Latte
INFO:root:El cliente Juana se ha tomado el café muy agusto a 89 grados
